2021-09-09 14:59:27,696 INFO  [org.jboss.modules] (main) JBoss Modules version 1.11.0.Final
2021-09-09 14:59:28,683 INFO  [org.jboss.msc] (main) JBoss MSC version 1.4.12.Final
2021-09-09 14:59:28,730 INFO  [org.jboss.threads] (main) JBoss Threads version 2.4.0.Final
2021-09-09 14:59:28,932 INFO  [org.jboss.as] (MSC service thread 1-1) WFLYSRV0049: Keycloak 15.0.2 (WildFly Core 15.0.1.Final) starting
2021-09-09 14:59:28,932 DEBUG [org.jboss.as.config] (MSC service thread 1-1) Configured system properties:
	awt.toolkit = sun.awt.windows.WToolkit
	file.encoding = Cp1252
	file.separator = \
	java.awt.graphicsenv = sun.awt.Win32GraphicsEnvironment
	java.awt.headless = true
	java.class.path = C:\Users\bswar\Desktop\keycloak-15.0.2\jboss-modules.jar
	java.class.version = 56.0
	java.home = C:\Program Files\Java\jdk-12.0.2
	java.io.tmpdir = C:\Users\bswar\AppData\Local\Temp\
	java.library.path = C:\Program Files\Java\jdk-12.0.2\bin;C:\WINDOWS\Sun\Java\bin;C:\WINDOWS\system32;C:\WINDOWS;C:\Program Files\ImageMagick-7.0.10-Q16-HDRI;C:\Program Files (x86)\Common Files\Oracle\Java\javapath;C:\WINDOWS\system32;C:\WINDOWS;C:\WINDOWS\System32\Wbem;C:\WINDOWS\System32\WindowsPowerShell\v1.0\;C:\WINDOWS\System32\OpenSSH\;C:\Program Files (x86)\ATI Technologies\ATI.ACE\Core-Static;C:\Program Files\Microsoft SQL Server\Client SDK\ODBC\110\Tools\Binn\;C:\Program Files (x86)\Microsoft SQL Server\120\Tools\Binn\;C:\Program Files\Microsoft SQL Server\120\Tools\Binn\;C:\Program Files\Microsoft SQL Server\120\DTS\Binn\;C:\Program Files (x86)\Microsoft SQL Server\120\Tools\Binn\ManagementStudio\;C:\Program Files (x86)\Microsoft SQL Server\120\DTS\Binn\;C:\ProgramData\chocolatey\bin;C:\ProgramData\chocolatey\lib\maven\apache-maven-3.6.3\bin;C:\Program Files\nodejs\;C:\Program Files\Docker\Docker\resources\bin;C:\ProgramData\DockerDesktop\version-bin;C:\Program Files\dotnet\;C:\Program Files\Microsoft SQL Server\130\Tools\Binn\;C:\Program Files\Microsoft SQL Server\Client SDK\ODBC\170\Tools\Binn\;C:\Program Files (x86)\Microsoft SQL Server\150\DTS\Binn\;C:\Program Files\Azure Data Studio\bin;C:\Users\bswar\AppData\Local\Microsoft\WindowsApps;;C:\Programme\JetBrains\IntelliJ IDEA Community Edition 2019.2.3\bin;;C:\Users\bswar\AppData\Local\Programs\Microsoft VS Code\bin;C:\Program Files\heroku\bin;C:\Users\bswar\AppData\Roaming\npm;C:\Users\bswar\.dotnet\tools;C:\Program Files\Azure Data Studio\bin;.
	java.net.preferIPv4Stack = true
	java.runtime.name = Java(TM) SE Runtime Environment
	java.runtime.version = 12.0.2+10
	java.specification.name = Java Platform API Specification
	java.specification.vendor = Oracle Corporation
	java.specification.version = 12
	java.util.logging.manager = org.jboss.logmanager.LogManager
	java.vendor = Oracle Corporation
	java.vendor.url = https://java.oracle.com/
	java.vendor.url.bug = https://bugreport.java.com/bugreport/
	java.version = 12.0.2
	java.version.date = 2019-07-16
	java.vm.compressedOopsMode = 32-bit
	java.vm.info = mixed mode, sharing
	java.vm.name = Java HotSpot(TM) 64-Bit Server VM
	java.vm.specification.name = Java Virtual Machine Specification
	java.vm.specification.vendor = Oracle Corporation
	java.vm.specification.version = 12
	java.vm.vendor = Oracle Corporation
	java.vm.version = 12.0.2+10
	javax.management.builder.initial = org.jboss.as.jmx.PluggableMBeanServerBuilder
	jboss.home.dir = C:\Users\bswar\Desktop\keycloak-15.0.2
	jboss.host.name = desktop-r5ur9r2
	jboss.modules.dir = C:\Users\bswar\Desktop\keycloak-15.0.2\modules
	jboss.modules.system.pkgs = org.jboss.byteman
	jboss.node.name = desktop-r5ur9r2
	jboss.qualified.host.name = desktop-r5ur9r2
	jboss.server.base.dir = C:\Users\bswar\Desktop\keycloak-15.0.2\standalone
	jboss.server.config.dir = C:\Users\bswar\Desktop\keycloak-15.0.2\standalone\configuration
	jboss.server.data.dir = C:\Users\bswar\Desktop\keycloak-15.0.2\standalone\data
	jboss.server.deploy.dir = C:\Users\bswar\Desktop\keycloak-15.0.2\standalone\data\content
	jboss.server.log.dir = C:\Users\bswar\Desktop\keycloak-15.0.2\standalone\log
	jboss.server.name = desktop-r5ur9r2
	jboss.server.persist.config = true
	jboss.server.temp.dir = C:\Users\bswar\Desktop\keycloak-15.0.2\standalone\tmp
	jdk.debug = release
	line.separator = 

	logging.configuration = file:C:\Users\bswar\Desktop\keycloak-15.0.2\standalone\configuration/logging.properties
	module.path = C:\Users\bswar\Desktop\keycloak-15.0.2\modules
	org.jboss.boot.log.file = C:\Users\bswar\Desktop\keycloak-15.0.2\standalone\log\server.log
	org.jboss.resolver.warning = true
	os.arch = amd64
	os.name = Windows 10
	os.version = 10.0
	path.separator = ;
	program.name = standalone.bat
	sun.arch.data.model = 64
	sun.boot.library.path = C:\Program Files\Java\jdk-12.0.2\bin
	sun.cpu.endian = little
	sun.cpu.isalist = amd64
	sun.desktop = windows
	sun.io.unicode.encoding = UnicodeLittle
	sun.java.command = C:\Users\bswar\Desktop\keycloak-15.0.2\jboss-modules.jar -mp C:\Users\bswar\Desktop\keycloak-15.0.2\modules org.jboss.as.standalone -Djboss.home.dir=C:\Users\bswar\Desktop\keycloak-15.0.2
	sun.java.launcher = SUN_STANDARD
	sun.jnu.encoding = Cp1252
	sun.management.compiler = HotSpot 64-Bit Tiered Compilers
	sun.os.patch.level = 
	sun.stderr.encoding = cp850
	sun.stdout.encoding = cp850
	user.country = GB
	user.country.format = DE
	user.dir = C:\Users\bswar\Desktop\keycloak-15.0.2
	user.home = C:\Users\bswar
	user.language = en
	user.language.format = de
	user.name = bswar
	user.script = 
	user.timezone = Europe/Berlin
	user.variant = 
2021-09-09 14:59:28,932 DEBUG [org.jboss.as.config] (MSC service thread 1-1) VM Arguments: -Dprogram.name=standalone.bat -Xms64M -Xmx512M -XX:MetaspaceSize=96M -XX:MaxMetaspaceSize=256m -Djava.net.preferIPv4Stack=true -Djboss.modules.system.pkgs=org.jboss.byteman -Djava.awt.headless=true --add-exports=java.base/sun.nio.ch=ALL-UNNAMED --add-exports=jdk.unsupported/sun.misc=ALL-UNNAMED --add-exports=jdk.unsupported/sun.reflect=ALL-UNNAMED -Dorg.jboss.boot.log.file=C:\Users\bswar\Desktop\keycloak-15.0.2\standalone\log\server.log -Dlogging.configuration=file:C:\Users\bswar\Desktop\keycloak-15.0.2\standalone\configuration/logging.properties 
2021-09-09 14:59:31,004 INFO  [org.wildfly.security] (ServerService Thread Pool -- 20) ELY00001: WildFly Elytron version 1.15.3.Final
2021-09-09 14:59:31,902 INFO  [org.jboss.as.controller.management-deprecated] (ServerService Thread Pool -- 5) WFLYCTL0033: Extension 'security' is deprecated and may not be supported in future versions
2021-09-09 14:59:32,549 INFO  [org.jboss.as.controller.management-deprecated] (Controller Boot Thread) WFLYCTL0028: Attribute 'security-realm' in the resource at address '/core-service=management/management-interface=http-interface' is deprecated, and may be removed in a future version. See the attribute description in the output of the read-resource-description operation to learn more about the deprecation.
2021-09-09 14:59:32,630 INFO  [org.jboss.as.controller.management-deprecated] (ServerService Thread Pool -- 14) WFLYCTL0028: Attribute 'security-realm' in the resource at address '/subsystem=undertow/server=default-server/https-listener=https' is deprecated, and may be removed in a future version. See the attribute description in the output of the read-resource-description operation to learn more about the deprecation.
2021-09-09 14:59:32,924 INFO  [org.jboss.as.server] (Controller Boot Thread) WFLYSRV0039: Creating http management service using socket-binding (management-http)
2021-09-09 14:59:32,984 INFO  [org.xnio] (MSC service thread 1-8) XNIO version 3.8.4.Final
2021-09-09 14:59:33,005 INFO  [org.xnio.nio] (MSC service thread 1-8) XNIO NIO Implementation Version 3.8.4.Final
2021-09-09 14:59:33,136 INFO  [org.jboss.as.clustering.infinispan] (ServerService Thread Pool -- 37) WFLYCLINF0001: Activating Infinispan subsystem.
2021-09-09 14:59:33,156 INFO  [org.wildfly.extension.metrics] (ServerService Thread Pool -- 45) WFLYMETRICS0001: Activating Base Metrics Subsystem
2021-09-09 14:59:33,166 INFO  [org.wildfly.extension.health] (ServerService Thread Pool -- 36) WFLYHEALTH0001: Activating Base Health Subsystem
2021-09-09 14:59:33,166 INFO  [org.jboss.as.naming] (ServerService Thread Pool -- 46) WFLYNAM0001: Activating Naming Subsystem
2021-09-09 14:59:33,197 INFO  [org.jboss.as.security] (ServerService Thread Pool -- 49) WFLYSEC0002: Activating Security Subsystem
2021-09-09 14:59:33,197 WARN  [org.jboss.as.txn] (ServerService Thread Pool -- 51) WFLYTX0013: The node-identifier attribute on the /subsystem=transactions is set to the default value. This is a danger for environments running multiple servers. Please make sure the attribute value is unique.
2021-09-09 14:59:33,225 INFO  [org.jboss.as.connector.subsystems.datasources] (ServerService Thread Pool -- 31) WFLYJCA0004: Deploying JDBC-compliant driver class org.h2.Driver (version 1.4)
2021-09-09 14:59:33,247 INFO  [org.jboss.as.connector] (MSC service thread 1-7) WFLYJCA0009: Starting Jakarta Connectors Subsystem (WildFly/IronJacamar 1.4.27.Final)
2021-09-09 14:59:33,298 INFO  [org.jboss.as.connector.deployers.jdbc] (MSC service thread 1-6) WFLYJCA0018: Started Driver service with driver-name = h2
2021-09-09 14:59:33,389 INFO  [org.wildfly.extension.undertow] (MSC service thread 1-4) WFLYUT0003: Undertow 2.2.5.Final starting
2021-09-09 14:59:33,389 INFO  [org.jboss.as.jaxrs] (ServerService Thread Pool -- 39) WFLYRS0016: RESTEasy version 3.15.1.Final
2021-09-09 14:59:33,521 WARN  [org.wildfly.extension.elytron] (MSC service thread 1-3) WFLYELY00023: KeyStore file 'C:\Users\bswar\Desktop\keycloak-15.0.2\standalone\configuration\application.keystore' does not exist. Used blank.
2021-09-09 14:59:33,582 WARN  [org.wildfly.clustering.web.undertow] (ServerService Thread Pool -- 52) WFLYCLWEBUT0007: No routing provider found for default-server; using legacy provider based on static configuration
2021-09-09 14:59:33,590 INFO  [org.jboss.as.security] (MSC service thread 1-4) WFLYSEC0001: Current PicketBox version=5.0.3.Final-redhat-00007
2021-09-09 14:59:33,875 WARN  [org.wildfly.extension.elytron] (MSC service thread 1-7) WFLYELY01084: KeyStore C:\Users\bswar\Desktop\keycloak-15.0.2\standalone\configuration\application.keystore not found, it will be auto generated on first use with a self-signed certificate for host localhost
2021-09-09 14:59:33,905 INFO  [org.jboss.as.naming] (MSC service thread 1-3) WFLYNAM0003: Starting Naming Service
2021-09-09 14:59:33,986 INFO  [org.jboss.as.mail.extension] (MSC service thread 1-2) WFLYMAIL0001: Bound mail session [java:jboss/mail/Default]
2021-09-09 14:59:33,986 INFO  [org.wildfly.extension.undertow] (ServerService Thread Pool -- 52) WFLYUT0014: Creating file handler for path 'C:\Users\bswar\Desktop\keycloak-15.0.2/welcome-content' with options [directory-listing: 'false', follow-symlink: 'false', case-sensitive: 'true', safe-symlink-paths: '[]']
2021-09-09 14:59:36,347 INFO  [org.wildfly.extension.io] (ServerService Thread Pool -- 38) WFLYIO001: Worker 'default' has auto-configured to 8 IO threads with 64 max task threads based on your 4 available processors
2021-09-09 14:59:36,398 INFO  [org.jboss.as.ejb3] (MSC service thread 1-2) WFLYEJB0481: Strict pool slsb-strict-max-pool is using a max instance size of 64 (per class), which is derived from thread worker pool sizing.
2021-09-09 14:59:36,398 INFO  [org.jboss.as.ejb3] (MSC service thread 1-1) WFLYEJB0482: Strict pool mdb-strict-max-pool is using a max instance size of 16 (per class), which is derived from the number of CPUs on this host.
2021-09-09 14:59:36,448 INFO  [org.jboss.remoting] (MSC service thread 1-3) JBoss Remoting version 5.0.20.Final
2021-09-09 14:59:36,469 INFO  [org.wildfly.extension.undertow] (MSC service thread 1-7) WFLYUT0012: Started server default-server.
2021-09-09 14:59:36,509 INFO  [org.wildfly.extension.undertow] (MSC service thread 1-5) Queuing requests.
2021-09-09 14:59:36,519 INFO  [org.wildfly.extension.undertow] (MSC service thread 1-5) WFLYUT0018: Host default-host starting
2021-09-09 14:59:36,550 INFO  [org.jboss.as.patching] (MSC service thread 1-4) WFLYPAT0050: Keycloak cumulative patch ID is: base, one-off patches include: none
